<?xml version="1.0" encoding="UTF-8"?>
<testsuite name="org.apache.commons.io.FileUtilsTestCase" time="2.665" tests="135" errors="0" skipped="1" failures="0">
  <properties>
    <property name="java.runtime.name" value="Java(TM) SE Runtime Environment"/>
    <property name="sun.boot.library.path" value="/Library/Internet Plug-Ins/JavaAppletPlugin.plugin/Contents/Home/lib"/>
    <property name="java.vm.version" value="25.311-b11"/>
    <property name="gopherProxySet" value="false"/>
    <property name="java.vm.vendor" value="Oracle Corporation"/>
    <property name="maven.multiModuleProjectDirectory" value="/Users/faruq/eclipse2021-workspace/commons-io-2.5"/>
    <property name="java.vendor.url" value="http://java.oracle.com/"/>
    <property name="path.separator" value=":"/>
    <property name="guice.disable.misplaced.annotation.check" value="true"/>
    <property name="java.vm.name" value="Java HotSpot(TM) 64-Bit Server VM"/>
    <property name="file.encoding.pkg" value="sun.io"/>
    <property name="user.country" value="CA"/>
    <property name="sun.java.launcher" value="SUN_STANDARD"/>
    <property name="sun.os.patch.level" value="unknown"/>
    <property name="java.vm.specification.name" value="Java Virtual Machine Specification"/>
    <property name="user.dir" value="/Users/faruq/eclipse2021-workspace/commons-io-2.5"/>
    <property name="java.runtime.version" value="1.8.0_311-b11"/>
    <property name="java.awt.graphicsenv" value="sun.awt.CGraphicsEnvironment"/>
    <property name="java.endorsed.dirs" value="/Library/Internet Plug-Ins/JavaAppletPlugin.plugin/Contents/Home/lib/endorsed"/>
    <property name="os.arch" value="x86_64"/>
    <property name="java.io.tmpdir" value="/var/folders/cn/wwxs8y0s5pz1pnx0rbvryy_c0000gn/T/"/>
    <property name="line.separator" value="&#10;"/>
    <property name="java.vm.specification.vendor" value="Oracle Corporation"/>
    <property name="os.name" value="Mac OS X"/>
    <property name="classworlds.conf" value="/Users/faruq/eclipse2021-workspace/.metadata/.plugins/org.eclipse.m2e.launching/launches/m2conf11138365447896528702.tmp"/>
    <property name="sun.jnu.encoding" value="UTF-8"/>
    <property name="java.library.path" value="/Users/faruq/Library/Java/Extensions:/Library/Java/Extensions:/Network/Library/Java/Extensions:/System/Library/Java/Extensions:/usr/lib/java:."/>
    <property name="java.specification.name" value="Java Platform API Specification"/>
    <property name="java.class.version" value="52.0"/>
    <property name="sun.management.compiler" value="HotSpot 64-Bit Tiered Compilers"/>
    <property name="os.version" value="10.16"/>
    <property name="http.nonProxyHosts" value="local|*.local|169.254/16|*.169.254/16"/>
    <property name="user.home" value="/Users/faruq"/>
    <property name="user.timezone" value="America/Toronto"/>
    <property name="java.awt.printerjob" value="sun.lwawt.macosx.CPrinterJob"/>
    <property name="java.specification.version" value="1.8"/>
    <property name="file.encoding" value="UTF-8"/>
    <property name="user.name" value="faruq"/>
    <property name="java.class.path" value="/Applications/Eclipse.app/Contents/Eclipse/plugins/org.eclipse.m2e.maven.runtime_1.18.1.20211011-2139/jars/plexus-classworlds-2.6.0.jar"/>
    <property name="java.vm.specification.version" value="1.8"/>
    <property name="sun.arch.data.model" value="64"/>
    <property name="java.home" value="/Library/Internet Plug-Ins/JavaAppletPlugin.plugin/Contents/Home"/>
    <property name="sun.java.command" value="org.codehaus.plexus.classworlds.launcher.Launcher -B test"/>
    <property name="java.specification.vendor" value="Oracle Corporation"/>
    <property name="user.language" value="en"/>
    <property name="awt.toolkit" value="sun.lwawt.macosx.LWCToolkit"/>
    <property name="java.vm.info" value="mixed mode"/>
    <property name="java.version" value="1.8.0_311"/>
    <property name="java.ext.dirs" value="/Users/faruq/Library/Java/Extensions:/Library/Internet Plug-Ins/JavaAppletPlugin.plugin/Contents/Home/lib/ext:/Library/Java/Extensions:/Network/Library/Java/Extensions:/System/Library/Java/Extensions:/usr/lib/java"/>
    <property name="sun.boot.class.path" value="/Library/Internet Plug-Ins/JavaAppletPlugin.plugin/Contents/Home/lib/resources.jar:/Library/Internet Plug-Ins/JavaAppletPlugin.plugin/Contents/Home/lib/rt.jar:/Library/Internet Plug-Ins/JavaAppletPlugin.plugin/Contents/Home/lib/sunrsasign.jar:/Library/Internet Plug-Ins/JavaAppletPlugin.plugin/Contents/Home/lib/jsse.jar:/Library/Internet Plug-Ins/JavaAppletPlugin.plugin/Contents/Home/lib/jce.jar:/Library/Internet Plug-Ins/JavaAppletPlugin.plugin/Contents/Home/lib/charsets.jar:/Library/Internet Plug-Ins/JavaAppletPlugin.plugin/Contents/Home/lib/jfr.jar:/Library/Internet Plug-Ins/JavaAppletPlugin.plugin/Contents/Home/classes"/>
    <property name="java.vendor" value="Oracle Corporation"/>
    <property name="maven.home" value="/Users/faruq/eclipse2021-workspace/commons-io-2.5/EMBEDDED"/>
    <property name="file.separator" value="/"/>
    <property name="java.vendor.url.bug" value="http://bugreport.sun.com/bugreport/"/>
    <property name="sun.cpu.endian" value="little"/>
    <property name="sun.io.unicode.encoding" value="UnicodeBig"/>
    <property name="socksNonProxyHosts" value="local|*.local|169.254/16|*.169.254/16"/>
    <property name="ftp.nonProxyHosts" value="local|*.local|169.254/16|*.169.254/16"/>
    <property name="sun.cpu.isalist" value=""/>
  </properties>
  <testcase name="testCopyFile1" classname="org.apache.commons.io.FileUtilsTestCase" time="0.035"/>
  <testcase name="testCopyFile2" classname="org.apache.commons.io.FileUtilsTestCase" time="0.004"/>
  <testcase name="testChecksumOnDirectory" classname="org.apache.commons.io.FileUtilsTestCase" time="0.002"/>
  <testcase name="testWriteLines_3arg_nullSeparator" classname="org.apache.commons.io.FileUtilsTestCase" time="0.008"/>
  <testcase name="testChecksum" classname="org.apache.commons.io.FileUtilsTestCase" time="0.002"/>
  <testcase name="testGetUserDirectoryPath" classname="org.apache.commons.io.FileUtilsTestCase" time="0.001"/>
  <testcase name="testToFiles3a" classname="org.apache.commons.io.FileUtilsTestCase" time="0.002"/>
  <testcase name="testChecksumCRC32" classname="org.apache.commons.io.FileUtilsTestCase" time="0.004"/>
  <testcase name="testWriteLines_3argsWithAppendOptionTrue_ShouldNotDeletePreviousFileLines" classname="org.apache.commons.io.FileUtilsTestCase" time="0.003"/>
  <testcase name="testCopyDirectoryToChild" classname="org.apache.commons.io.FileUtilsTestCase" time="0.03"/>
  <testcase name="testContentEqualsIgnoreEOL" classname="org.apache.commons.io.FileUtilsTestCase" time="0.01"/>
  <testcase name="testForceDeleteAFile1" classname="org.apache.commons.io.FileUtilsTestCase" time="0.002"/>
  <testcase name="testForceDeleteAFile2" classname="org.apache.commons.io.FileUtilsTestCase" time="0.002"/>
  <testcase name="testForceDeleteAFile3" classname="org.apache.commons.io.FileUtilsTestCase" time="0.002"/>
  <testcase name="testCopyToSelf" classname="org.apache.commons.io.FileUtilsTestCase" time="0.002"/>
  <testcase name="testDeleteQuietlyForNull" classname="org.apache.commons.io.FileUtilsTestCase" time="0.003"/>
  <testcase name="testToFile1" classname="org.apache.commons.io.FileUtilsTestCase" time="0.002"/>
  <testcase name="testToFile2" classname="org.apache.commons.io.FileUtilsTestCase" time="0.002"/>
  <testcase name="testToFile3" classname="org.apache.commons.io.FileUtilsTestCase" time="0.001"/>
  <testcase name="testToFile4" classname="org.apache.commons.io.FileUtilsTestCase" time="0.002"/>
  <testcase name="testToFile5" classname="org.apache.commons.io.FileUtilsTestCase" time="0.001"/>
  <testcase name="testToURLs1" classname="org.apache.commons.io.FileUtilsTestCase" time="0.002"/>
  <testcase name="testDeleteQuietlyNonExistent" classname="org.apache.commons.io.FileUtilsTestCase" time="0.002"/>
  <testcase name="test_openInputStream_existsButIsDirectory" classname="org.apache.commons.io.FileUtilsTestCase" time="0.002"/>
  <testcase name="testToFileUtf8" classname="org.apache.commons.io.FileUtilsTestCase" time="0.001"/>
  <testcase name="testCopyDirectoryToNonExistingDest" classname="org.apache.commons.io.FileUtilsTestCase" time="0.015"/>
  <testcase name="testToFiles1" classname="org.apache.commons.io.FileUtilsTestCase" time="0.004"/>
  <testcase name="testToFiles2" classname="org.apache.commons.io.FileUtilsTestCase" time="0.002"/>
  <testcase name="testToFiles3" classname="org.apache.commons.io.FileUtilsTestCase" time="0.001"/>
  <testcase name="testToFiles4" classname="org.apache.commons.io.FileUtilsTestCase" time="0.002"/>
  <testcase name="testWriteByteArrayToFile" classname="org.apache.commons.io.FileUtilsTestCase" time="0.003"/>
  <testcase name="testMoveFile_CopyDelete_Failed" classname="org.apache.commons.io.FileUtilsTestCase" time="0.004"/>
  <testcase name="testWriteLines_5argsWithAppendOptionTrue_ShouldNotDeletePreviousFileLines" classname="org.apache.commons.io.FileUtilsTestCase" time="0.004"/>
  <testcase name="testWriteLines_4arg_Writer_nullData" classname="org.apache.commons.io.FileUtilsTestCase" time="0.002"/>
  <testcase name="testMoveFile_Errors" classname="org.apache.commons.io.FileUtilsTestCase" time="0.003"/>
  <testcase name="testWriteStringToFile_WithAppendOptionFalse_ShouldDeletePreviousFileLines" classname="org.apache.commons.io.FileUtilsTestCase" time="0.004"/>
  <testcase name="test_openOutputStream_exists" classname="org.apache.commons.io.FileUtilsTestCase" time="0.004"/>
  <testcase name="testListFilesWithDirs" classname="org.apache.commons.io.FileUtilsTestCase" time="0.017"/>
  <testcase name="testWriteLines_3argsWithAppendOptionFalse_ShouldDeletePreviousFileLines" classname="org.apache.commons.io.FileUtilsTestCase" time="0.004"/>
  <testcase name="testWriteLines_4argsWithAppendOptionFalse_ShouldDeletePreviousFileLines" classname="org.apache.commons.io.FileUtilsTestCase" time="0.003"/>
  <testcase name="testIO276" classname="org.apache.commons.io.FileUtilsTestCase" time="0.004"/>
  <testcase name="testIO300" classname="org.apache.commons.io.FileUtilsTestCase" time="0.003"/>
  <testcase name="testWriteLines_5argsWithAppendOptionFalse_ShouldDeletePreviousFileLines" classname="org.apache.commons.io.FileUtilsTestCase" time="0.003"/>
  <testcase name="testTouch" classname="org.apache.commons.io.FileUtilsTestCase" time="0.02"/>
  <testcase name="testIncorrectOutputSize" classname="org.apache.commons.io.FileUtilsTestCase" time="0.005"/>
  <testcase name="testGetUserDirectory" classname="org.apache.commons.io.FileUtilsTestCase" time="0.002"/>
  <testcase name="testChecksumDouble" classname="org.apache.commons.io.FileUtilsTestCase" time="0.004"/>
  <testcase name="testToURLs3a" classname="org.apache.commons.io.FileUtilsTestCase" time="0.002"/>
  <testcase name="testMoveFile_Rename" classname="org.apache.commons.io.FileUtilsTestCase" time="0.002"/>
  <testcase name="testCopyFileLarge" classname="org.apache.commons.io.FileUtilsTestCase" time="0">
    <skipped/>
  </testcase>
  <testcase name="testWriteByteArrayToFile_WithAppendOptionFalse_ShouldDeletePreviousFileLines" classname="org.apache.commons.io.FileUtilsTestCase" time="0.003"/>
  <testcase name="testCopyDirectoryToDirectory_NonExistingDest" classname="org.apache.commons.io.FileUtilsTestCase" time="0.01"/>
  <testcase name="testMoveDirectory_CopyDelete" classname="org.apache.commons.io.FileUtilsTestCase" time="0.006"/>
  <testcase name="testGetFile_Parent" classname="org.apache.commons.io.FileUtilsTestCase" time="0.003"/>
  <testcase name="test_openOutputStream_noParentNoFile" classname="org.apache.commons.io.FileUtilsTestCase" time="0.003"/>
  <testcase name="testWriteWithEncoding_WithAppendOptionFalse_ShouldDeletePreviousFileLines" classname="org.apache.commons.io.FileUtilsTestCase" time="0.004"/>
  <testcase name="testCopyFile2WithoutFileDatePreservation" classname="org.apache.commons.io.FileUtilsTestCase" time="0.003"/>
  <testcase name="testMoveFile_CopyDelete" classname="org.apache.commons.io.FileUtilsTestCase" time="0.003"/>
  <testcase name="testFileUtils" classname="org.apache.commons.io.FileUtilsTestCase" time="0.002"/>
  <testcase name="testForceMkdir" classname="org.apache.commons.io.FileUtilsTestCase" time="0.002"/>
  <testcase name="testCopyFile1ToDir" classname="org.apache.commons.io.FileUtilsTestCase" time="0.003"/>
  <testcase name="testListFiles" classname="org.apache.commons.io.FileUtilsTestCase" time="0.007"/>
  <testcase name="testMoveDirectoryToDirectory_Errors" classname="org.apache.commons.io.FileUtilsTestCase" time="0.002"/>
  <testcase name="testCopyFile2ToDir" classname="org.apache.commons.io.FileUtilsTestCase" time="0.005"/>
  <testcase name="testForceDeleteDir" classname="org.apache.commons.io.FileUtilsTestCase" time="0.004"/>
  <testcase name="testGetFile" classname="org.apache.commons.io.FileUtilsTestCase" time="0.003"/>
  <testcase name="testWriteByteArrayToFile_WithOffsetAndLength" classname="org.apache.commons.io.FileUtilsTestCase" time="0.004"/>
  <testcase name="testReadLines" classname="org.apache.commons.io.FileUtilsTestCase" time="0.004"/>
  <testcase name="testWriteStringToFileWithEncoding_WithAppendOptionTrue_ShouldNotDeletePreviousFileLines" classname="org.apache.commons.io.FileUtilsTestCase" time="0.002"/>
  <testcase name="testGetTempDirectoryPath" classname="org.apache.commons.io.FileUtilsTestCase" time="0.002"/>
  <testcase name="test_openOutputStream_notExists" classname="org.apache.commons.io.FileUtilsTestCase" time="0.003"/>
  <testcase name="testMoveDirectory_Errors" classname="org.apache.commons.io.FileUtilsTestCase" time="0.003"/>
  <testcase name="testReadFileToStringWithEncoding" classname="org.apache.commons.io.FileUtilsTestCase" time="0.003"/>
  <testcase name="testSizeOfAsBigInteger" classname="org.apache.commons.io.FileUtilsTestCase" time="0.006"/>
  <testcase name="testCopyURLToFileWithTimeout" classname="org.apache.commons.io.FileUtilsTestCase" time="0.008"/>
  <testcase name="test_openOutputStream_notExistsCannotCreate" classname="org.apache.commons.io.FileUtilsTestCase" time="0.003"/>
  <testcase name="testForceMkdirParent" classname="org.apache.commons.io.FileUtilsTestCase" time="0.003"/>
  <testcase name="testCopyDirectoryToItself" classname="org.apache.commons.io.FileUtilsTestCase" time="0.006"/>
  <testcase name="testWriteStringToFileWithEncoding_WithAppendOptionFalse_ShouldDeletePreviousFileLines" classname="org.apache.commons.io.FileUtilsTestCase" time="0.008"/>
  <testcase name="testWriteLines_4arg" classname="org.apache.commons.io.FileUtilsTestCase" time="0.003"/>
  <testcase name="test_openOutputStream_noParentCreateFile" classname="org.apache.commons.io.FileUtilsTestCase" time="0.004"/>
  <testcase name="testCopyFileToOutputStream" classname="org.apache.commons.io.FileUtilsTestCase" time="0.007"/>
  <testcase name="testMoveDirectory_Rename" classname="org.apache.commons.io.FileUtilsTestCase" time="0.003"/>
  <testcase name="testWrite_WithAppendOptionFalse_ShouldDeletePreviousFileLines" classname="org.apache.commons.io.FileUtilsTestCase" time="0.003"/>
  <testcase name="testCopyDirectoryToGrandChild" classname="org.apache.commons.io.FileUtilsTestCase" time="0.022"/>
  <testcase name="testDeleteDirectoryWithNonDirectory" classname="org.apache.commons.io.FileUtilsTestCase" time="0.003"/>
  <testcase name="testWriteByteArrayToFile_WithAppendOptionTrue_ShouldNotDeletePreviousFileLines" classname="org.apache.commons.io.FileUtilsTestCase" time="0.004"/>
  <testcase name="testReadFileToByteArray" classname="org.apache.commons.io.FileUtilsTestCase" time="0.003"/>
  <testcase name="testIsFileNewerOlder" classname="org.apache.commons.io.FileUtilsTestCase" time="2.013"/>
  <testcase name="testByteCountToDisplaySizeLong" classname="org.apache.commons.io.FileUtilsTestCase" time="0.003"/>
  <testcase name="testSizeOfDirectoryAsBigInteger" classname="org.apache.commons.io.FileUtilsTestCase" time="0.066"/>
  <testcase name="testGetTempDirectory" classname="org.apache.commons.io.FileUtilsTestCase" time="0.003"/>
  <testcase name="testWriteLines_4argsWithAppendOptionTrue_ShouldNotDeletePreviousFileLines" classname="org.apache.commons.io.FileUtilsTestCase" time="0.003"/>
  <testcase name="testMoveToDirectory" classname="org.apache.commons.io.FileUtilsTestCase" time="0.004"/>
  <testcase name="testReadFileToStringWithDefaultEncoding" classname="org.apache.commons.io.FileUtilsTestCase" time="0.003"/>
  <testcase name="testCompareSizeOf" classname="org.apache.commons.io.FileUtilsTestCase" time="0.037"/>
  <testcase name="testWriteStringToFile1" classname="org.apache.commons.io.FileUtilsTestCase" time="0.003"/>
  <testcase name="testWriteStringToFile2" classname="org.apache.commons.io.FileUtilsTestCase" time="0.002"/>
  <testcase name="testWriteStringToFile3" classname="org.apache.commons.io.FileUtilsTestCase" time="0.001"/>
  <testcase name="testWriteByteArrayToFile_WithOffsetAndLength_WithAppendOptionTrue_ShouldDeletePreviousFileLines" classname="org.apache.commons.io.FileUtilsTestCase" time="0.003"/>
  <testcase name="testMoveToDirectory_Errors" classname="org.apache.commons.io.FileUtilsTestCase" time="0.001"/>
  <testcase name="testSizeOfDirectory" classname="org.apache.commons.io.FileUtilsTestCase" time="0.006"/>
  <testcase name="testDecodeUrlLenient" classname="org.apache.commons.io.FileUtilsTestCase" time="0.001"/>
  <testcase name="testWriteCharSequence1" classname="org.apache.commons.io.FileUtilsTestCase" time="0.002"/>
  <testcase name="testWriteCharSequence2" classname="org.apache.commons.io.FileUtilsTestCase" time="0.002"/>
  <testcase name="testDecodeUrlNullSafe" classname="org.apache.commons.io.FileUtilsTestCase" time="0.001"/>
  <testcase name="testChecksumOnNullFile" classname="org.apache.commons.io.FileUtilsTestCase" time="0.001"/>
  <testcase name="testWriteLinesEncoding_WithAppendOptionFalse_ShouldDeletePreviousFileLines" classname="org.apache.commons.io.FileUtilsTestCase" time="0.002"/>
  <testcase name="testCopyDirectoryToExistingDest" classname="org.apache.commons.io.FileUtilsTestCase" time="0.006"/>
  <testcase name="testDeleteQuietlyDir" classname="org.apache.commons.io.FileUtilsTestCase" time="0.002"/>
  <testcase name="testContentEquals" classname="org.apache.commons.io.FileUtilsTestCase" time="0.005"/>
  <testcase name="testDecodeUrl" classname="org.apache.commons.io.FileUtilsTestCase" time="0.001"/>
  <testcase name="test_openInputStream_notExists" classname="org.apache.commons.io.FileUtilsTestCase" time="0.001"/>
  <testcase name="testWriteLines_4arg_nullSeparator" classname="org.apache.commons.io.FileUtilsTestCase" time="0.002"/>
  <testcase name="testIterateFiles" classname="org.apache.commons.io.FileUtilsTestCase" time="0.005"/>
  <testcase name="testCopyDirectoryFiltered" classname="org.apache.commons.io.FileUtilsTestCase" time="0.01"/>
  <testcase name="testWriteWithEncoding_WithAppendOptionTrue_ShouldNotDeletePreviousFileLines" classname="org.apache.commons.io.FileUtilsTestCase" time="0.002"/>
  <testcase name="testByteCountToDisplaySizeBigInteger" classname="org.apache.commons.io.FileUtilsTestCase" time="0.008"/>
  <testcase name="testCopyDirectoryErrors" classname="org.apache.commons.io.FileUtilsTestCase" time="0.002"/>
  <testcase name="testWriteByteArrayToFile_WithOffsetAndLength_WithAppendOptionTrue_ShouldNotDeletePreviousFileLines" classname="org.apache.commons.io.FileUtilsTestCase" time="0.003"/>
  <testcase name="testChecksumOnNullChecksum" classname="org.apache.commons.io.FileUtilsTestCase" time="0.002"/>
  <testcase name="testIterateFilesAndDirs" classname="org.apache.commons.io.FileUtilsTestCase" time="0.003"/>
  <testcase name="testDeleteQuietlyFile" classname="org.apache.commons.io.FileUtilsTestCase" time="0.001"/>
  <testcase name="testWriteStringToFile_WithAppendOptionTrue_ShouldNotDeletePreviousFileLines" classname="org.apache.commons.io.FileUtilsTestCase" time="0.003"/>
  <testcase name="test_openOutputStream_existsButIsDirectory" classname="org.apache.commons.io.FileUtilsTestCase" time="0.002"/>
  <testcase name="testMoveDirectoryToDirectory" classname="org.apache.commons.io.FileUtilsTestCase" time="0.005"/>
  <testcase name="testSizeOf" classname="org.apache.commons.io.FileUtilsTestCase" time="0.002"/>
  <testcase name="testMoveFileToDirectory_Errors" classname="org.apache.commons.io.FileUtilsTestCase" time="0.003"/>
  <testcase name="testCopyURLToFile" classname="org.apache.commons.io.FileUtilsTestCase" time="0.004"/>
  <testcase name="testWriteLinesEncoding_WithAppendOptionTrue_ShouldNotDeletePreviousFileLines" classname="org.apache.commons.io.FileUtilsTestCase" time="0.003"/>
  <testcase name="test_openInputStream_exists" classname="org.apache.commons.io.FileUtilsTestCase" time="0.002"/>
  <testcase name="testMoveFileToDirectory" classname="org.apache.commons.io.FileUtilsTestCase" time="0.002"/>
  <testcase name="testCopyDirectoryPreserveDates" classname="org.apache.commons.io.FileUtilsTestCase" time="0.011"/>
  <testcase name="testDecodeUrlEncodingUtf8" classname="org.apache.commons.io.FileUtilsTestCase" time="0.002"/>
  <testcase name="testWrite_WithAppendOptionTrue_ShouldNotDeletePreviousFileLines" classname="org.apache.commons.io.FileUtilsTestCase" time="0.002"/>
</testsuite>