<?xml version="1.0" encoding="UTF-8"?>
<testsuite name="org.apache.commons.io.filefilter.FileFilterTestCase" time="2.148" tests="47" errors="0" skipped="0" failures="0">
  <properties>
    <property name="java.runtime.name" value="Java(TM) SE Runtime Environment"/>
    <property name="sun.boot.library.path" value="/Library/Internet Plug-Ins/JavaAppletPlugin.plugin/Contents/Home/lib"/>
    <property name="java.vm.version" value="25.311-b11"/>
    <property name="gopherProxySet" value="false"/>
    <property name="java.vm.vendor" value="Oracle Corporation"/>
    <property name="maven.multiModuleProjectDirectory" value="/Users/faruq/eclipse2021-workspace/commons-io-2.5"/>
    <property name="java.vendor.url" value="http://java.oracle.com/"/>
    <property name="path.separator" value=":"/>
    <property name="guice.disable.misplaced.annotation.check" value="true"/>
    <property name="java.vm.name" value="Java HotSpot(TM) 64-Bit Server VM"/>
    <property name="file.encoding.pkg" value="sun.io"/>
    <property name="user.country" value="CA"/>
    <property name="sun.java.launcher" value="SUN_STANDARD"/>
    <property name="sun.os.patch.level" value="unknown"/>
    <property name="java.vm.specification.name" value="Java Virtual Machine Specification"/>
    <property name="user.dir" value="/Users/faruq/eclipse2021-workspace/commons-io-2.5"/>
    <property name="java.runtime.version" value="1.8.0_311-b11"/>
    <property name="java.awt.graphicsenv" value="sun.awt.CGraphicsEnvironment"/>
    <property name="java.endorsed.dirs" value="/Library/Internet Plug-Ins/JavaAppletPlugin.plugin/Contents/Home/lib/endorsed"/>
    <property name="os.arch" value="x86_64"/>
    <property name="java.io.tmpdir" value="/var/folders/cn/wwxs8y0s5pz1pnx0rbvryy_c0000gn/T/"/>
    <property name="line.separator" value="&#10;"/>
    <property name="java.vm.specification.vendor" value="Oracle Corporation"/>
    <property name="os.name" value="Mac OS X"/>
    <property name="classworlds.conf" value="/Users/faruq/eclipse2021-workspace/.metadata/.plugins/org.eclipse.m2e.launching/launches/m2conf11138365447896528702.tmp"/>
    <property name="sun.jnu.encoding" value="UTF-8"/>
    <property name="java.library.path" value="/Users/faruq/Library/Java/Extensions:/Library/Java/Extensions:/Network/Library/Java/Extensions:/System/Library/Java/Extensions:/usr/lib/java:."/>
    <property name="java.specification.name" value="Java Platform API Specification"/>
    <property name="java.class.version" value="52.0"/>
    <property name="sun.management.compiler" value="HotSpot 64-Bit Tiered Compilers"/>
    <property name="os.version" value="10.16"/>
    <property name="http.nonProxyHosts" value="local|*.local|169.254/16|*.169.254/16"/>
    <property name="user.home" value="/Users/faruq"/>
    <property name="user.timezone" value="America/Toronto"/>
    <property name="java.awt.printerjob" value="sun.lwawt.macosx.CPrinterJob"/>
    <property name="java.specification.version" value="1.8"/>
    <property name="file.encoding" value="UTF-8"/>
    <property name="user.name" value="faruq"/>
    <property name="java.class.path" value="/Applications/Eclipse.app/Contents/Eclipse/plugins/org.eclipse.m2e.maven.runtime_1.18.1.20211011-2139/jars/plexus-classworlds-2.6.0.jar"/>
    <property name="java.vm.specification.version" value="1.8"/>
    <property name="sun.arch.data.model" value="64"/>
    <property name="java.home" value="/Library/Internet Plug-Ins/JavaAppletPlugin.plugin/Contents/Home"/>
    <property name="sun.java.command" value="org.codehaus.plexus.classworlds.launcher.Launcher -B test"/>
    <property name="java.specification.vendor" value="Oracle Corporation"/>
    <property name="user.language" value="en"/>
    <property name="awt.toolkit" value="sun.lwawt.macosx.LWCToolkit"/>
    <property name="java.vm.info" value="mixed mode"/>
    <property name="java.version" value="1.8.0_311"/>
    <property name="java.ext.dirs" value="/Users/faruq/Library/Java/Extensions:/Library/Internet Plug-Ins/JavaAppletPlugin.plugin/Contents/Home/lib/ext:/Library/Java/Extensions:/Network/Library/Java/Extensions:/System/Library/Java/Extensions:/usr/lib/java"/>
    <property name="sun.boot.class.path" value="/Library/Internet Plug-Ins/JavaAppletPlugin.plugin/Contents/Home/lib/resources.jar:/Library/Internet Plug-Ins/JavaAppletPlugin.plugin/Contents/Home/lib/rt.jar:/Library/Internet Plug-Ins/JavaAppletPlugin.plugin/Contents/Home/lib/sunrsasign.jar:/Library/Internet Plug-Ins/JavaAppletPlugin.plugin/Contents/Home/lib/jsse.jar:/Library/Internet Plug-Ins/JavaAppletPlugin.plugin/Contents/Home/lib/jce.jar:/Library/Internet Plug-Ins/JavaAppletPlugin.plugin/Contents/Home/lib/charsets.jar:/Library/Internet Plug-Ins/JavaAppletPlugin.plugin/Contents/Home/lib/jfr.jar:/Library/Internet Plug-Ins/JavaAppletPlugin.plugin/Contents/Home/classes"/>
    <property name="java.vendor" value="Oracle Corporation"/>
    <property name="maven.home" value="/Users/faruq/eclipse2021-workspace/commons-io-2.5/EMBEDDED"/>
    <property name="file.separator" value="/"/>
    <property name="java.vendor.url.bug" value="http://bugreport.sun.com/bugreport/"/>
    <property name="sun.cpu.endian" value="little"/>
    <property name="sun.io.unicode.encoding" value="UnicodeBig"/>
    <property name="socksNonProxyHosts" value="local|*.local|169.254/16|*.169.254/16"/>
    <property name="ftp.nonProxyHosts" value="local|*.local|169.254/16|*.169.254/16"/>
    <property name="sun.cpu.isalist" value=""/>
  </properties>
  <testcase name="testFileFilterUtils_or" classname="org.apache.commons.io.filefilter.FileFilterTestCase" time="0.033"/>
  <testcase name="testMakeSVNAware" classname="org.apache.commons.io.filefilter.FileFilterTestCase" time="0.007"/>
  <testcase name="testMagicNumberFileFilterValidation" classname="org.apache.commons.io.filefilter.FileFilterTestCase" time="0.002"/>
  <testcase name="testNameFilter" classname="org.apache.commons.io.filefilter.FileFilterTestCase" time="0.002"/>
  <testcase name="testMagicNumberFileFilterString" classname="org.apache.commons.io.filefilter.FileFilterTestCase" time="0.006"/>
  <testcase name="testFilterArray" classname="org.apache.commons.io.filefilter.FileFilterTestCase" time="0.003"/>
  <testcase name="testMagicNumberFileFilterBytesOffset" classname="org.apache.commons.io.filefilter.FileFilterTestCase" time="0.01"/>
  <testcase name="testAnd" classname="org.apache.commons.io.filefilter.FileFilterTestCase" time="0.002"/>
  <testcase name="testNot" classname="org.apache.commons.io.filefilter.FileFilterTestCase" time="0.002"/>
  <testcase name="testDeprecatedWildcard" classname="org.apache.commons.io.filefilter.FileFilterTestCase" time="0.003"/>
  <testcase name="testEmpty" classname="org.apache.commons.io.filefilter.FileFilterTestCase" time="0.005"/>
  <testcase name="testFalse" classname="org.apache.commons.io.filefilter.FileFilterTestCase" time="0.002"/>
  <testcase name="testFiles" classname="org.apache.commons.io.filefilter.FileFilterTestCase" time="0.002"/>
  <testcase name="testTrue" classname="org.apache.commons.io.filefilter.FileFilterTestCase" time="0.001"/>
  <testcase name="testFileFilterUtils_and" classname="org.apache.commons.io.filefilter.FileFilterTestCase" time="0.001"/>
  <testcase name="testPrefixCaseInsensitive" classname="org.apache.commons.io.filefilter.FileFilterTestCase" time="0.003"/>
  <testcase name="testOr" classname="org.apache.commons.io.filefilter.FileFilterTestCase" time="0.001"/>
  <testcase name="testWildcard" classname="org.apache.commons.io.filefilter.FileFilterTestCase" time="0.002"/>
  <testcase name="testDirectory" classname="org.apache.commons.io.filefilter.FileFilterTestCase" time="0.001"/>
  <testcase name="testNameFilterNullListArgument" classname="org.apache.commons.io.filefilter.FileFilterTestCase" time="0.001"/>
  <testcase name="testFilterSet_fromArray" classname="org.apache.commons.io.filefilter.FileFilterTestCase" time="0.001"/>
  <testcase name="testFilterSet" classname="org.apache.commons.io.filefilter.FileFilterTestCase" time="0.001"/>
  <testcase name="testFilterSetNullParameters" classname="org.apache.commons.io.filefilter.FileFilterTestCase" time="0.001"/>
  <testcase name="testEnsureTestCoverage" classname="org.apache.commons.io.filefilter.FileFilterTestCase" time="0"/>
  <testcase name="testNameFilterNullArgument" classname="org.apache.commons.io.filefilter.FileFilterTestCase" time="0.001"/>
  <testcase name="testNullFilters" classname="org.apache.commons.io.filefilter.FileFilterTestCase" time="0.001"/>
  <testcase name="testCanRead" classname="org.apache.commons.io.filefilter.FileFilterTestCase" time="0.003"/>
  <testcase name="testMakeCVSAware" classname="org.apache.commons.io.filefilter.FileFilterTestCase" time="0.004"/>
  <testcase name="testMagicNumberFileFilterBytes" classname="org.apache.commons.io.filefilter.FileFilterTestCase" time="0.003"/>
  <testcase name="testMagicNumberFileFilterStringOffset" classname="org.apache.commons.io.filefilter.FileFilterTestCase" time="0.006"/>
  <testcase name="testDelegateFileFilter" classname="org.apache.commons.io.filefilter.FileFilterTestCase" time="0.003"/>
  <testcase name="testCanWrite" classname="org.apache.commons.io.filefilter.FileFilterTestCase" time="0.002"/>
  <testcase name="testNameFilterNullArrayArgument" classname="org.apache.commons.io.filefilter.FileFilterTestCase" time="0"/>
  <testcase name="testDelegation" classname="org.apache.commons.io.filefilter.FileFilterTestCase" time="0.001"/>
  <testcase name="testFilterListNullParameters" classname="org.apache.commons.io.filefilter.FileFilterTestCase" time="0.001"/>
  <testcase name="testFilterList_fromArray" classname="org.apache.commons.io.filefilter.FileFilterTestCase" time="0.001"/>
  <testcase name="testSizeFilter" classname="org.apache.commons.io.filefilter.FileFilterTestCase" time="0.003"/>
  <testcase name="testFilterArrayNullParameters" classname="org.apache.commons.io.filefilter.FileFilterTestCase" time="0.001"/>
  <testcase name="testMakeDirectoryOnly" classname="org.apache.commons.io.filefilter.FileFilterTestCase" time="0.002"/>
  <testcase name="testHidden" classname="org.apache.commons.io.filefilter.FileFilterTestCase" time="0.001"/>
  <testcase name="testMakeFileOnly" classname="org.apache.commons.io.filefilter.FileFilterTestCase" time="0.002"/>
  <testcase name="testFilterArray_fromList" classname="org.apache.commons.io.filefilter.FileFilterTestCase" time="0.001"/>
  <testcase name="testPrefix" classname="org.apache.commons.io.filefilter.FileFilterTestCase" time="0"/>
  <testcase name="testSuffix" classname="org.apache.commons.io.filefilter.FileFilterTestCase" time="0.002"/>
  <testcase name="testSuffixCaseInsensitive" classname="org.apache.commons.io.filefilter.FileFilterTestCase" time="0.001"/>
  <testcase name="testFilterList" classname="org.apache.commons.io.filefilter.FileFilterTestCase" time="0.001"/>
  <testcase name="testAgeFilter" classname="org.apache.commons.io.filefilter.FileFilterTestCase" time="2.016"/>
</testsuite>